[INFO ] 2024-08-13 15:47:01.998 [main] MoonShot_Web - Page is loaded Hero MotoCorp - India's Leading Two-Wheeler Manufacturer
[INFO ] 2024-08-13 15:47:02.509 [main] MoonShot_Web - Successfully Click Motorcycles
[INFO ] 2024-08-13 15:47:03.542 [main] MoonShot_Web - Page is loaded Hero MotoCorp - India's Leading Two-Wheeler Manufacturer
[INFO ] 2024-08-13 15:47:03.706 [main] MoonShot_Web - Text present:  EXECUTIVE >>>>  EXECUTIVE
[INFO ] 2024-08-13 15:47:05.774 [main] MoonShot_Web - Page is loaded Hero MotoCorp - India's Leading Two-Wheeler Manufacturer
[INFO ] 2024-08-13 15:47:06.644 [main] MoonShot_Web - Text present:  bike name clickable GLAMOUR
125 CC
[INFO ] 2024-08-13 15:47:06.849 [main] MoonShot_Web - Successfully Click Bike -1
[INFO ] 2024-08-13 15:47:08.874 [main] MoonShot_Web - Page is loaded Hero Glamour: Simply Magnetic | Price, Mileage & More
[INFO ] 2024-08-13 15:47:09.206 [main] MoonShot_Web - Text present:  bike name clickable PASSION+
[INFO ] 2024-08-13 15:47:09.387 [main] MoonShot_Web - Successfully Click Bike -2
[INFO ] 2024-08-13 15:47:11.429 [main] MoonShot_Web - Page is loaded Hero Passion Plus: Stylish Forever | Price, Mileage & More
[INFO ] 2024-08-13 15:47:11.770 [main] MoonShot_Web - Text present:  bike name clickable SUPER SPLENDOR XTEC
125 CC
[INFO ] 2024-08-13 15:47:11.950 [main] MoonShot_Web - Successfully Click Bike -3
[INFO ] 2024-08-13 15:47:13.989 [main] MoonShot_Web - Page is loaded Hero Super Splendor Xtec: Know Price, Mileage, Specs & More
[INFO ] 2024-08-13 15:47:14.417 [main] MoonShot_Web - Text present:  bike name clickable GLAMOUR XTEC
125 CC
[INFO ] 2024-08-13 15:47:14.621 [main] MoonShot_Web - Successfully Click Bike -4
[INFO ] 2024-08-13 15:47:16.642 [main] MoonShot_Web - Page is loaded Hero Glamour Xtec: Smart & Stylish | Price, Mileage & More
[INFO ] 2024-08-13 15:47:17.086 [main] MoonShot_Web - Text present:  bike name clickable PASSION XTEC
110 CC
[INFO ] 2024-08-13 15:47:17.378 [main] MoonShot_Web - Successfully Click Bike -5
[INFO ] 2024-08-13 15:47:19.470 [main] MoonShot_Web - Page is loaded Hero Passion Xtec: The Modern Bike | Price, Mileage & More
[INFO ] 2024-08-13 15:47:19.926 [main] MoonShot_Web - Text present:  bike name clickable SUPER SPLENDOR
125 CC
[INFO ] 2024-08-13 15:47:20.189 [main] MoonShot_Web - Successfully Click Bike -6
[INFO ] 2024-08-13 15:47:22.866 [main] MoonShot_Web - Page is loaded Hero Super Splendor: Next-Level Bike | Price, Mileage & More
[INFO ] 2024-08-13 15:47:23.309 [main] MoonShot_Web - Successfully Click  Executive Text 
[INFO ] 2024-08-13 15:47:25.774 [main] MoonShot_Web - Successfully Click Slide 1
[INFO ] 2024-08-13 15:47:28.002 [main] MoonShot_Web - Successfully Click Slide 2
[INFO ] 2024-08-13 15:47:30.197 [main] MoonShot_Web - Successfully Click Slide 3
[INFO ] 2024-08-13 15:47:32.550 [main] MoonShot_Web - Successfully Click Slide 4
[INFO ] 2024-08-13 15:47:34.884 [main] MoonShot_Web - Successfully Click Slide 5
[INFO ] 2024-08-13 15:47:37.111 [main] MoonShot_Web - Text present:  Our Style, Our Offerings
[INFO ] 2024-08-13 15:47:37.683 [main] MoonShot_Web - Image is present  SUPER SPLENDOR XTEC IMAGE
[INFO ] 2024-08-13 15:47:37.732 [main] MoonShot_Web - Image is present  GLAMOUR XTEC IMAGE
[INFO ] 2024-08-13 15:47:37.780 [main] MoonShot_Web - Image is present  PASSION XTEC IMAGE
[INFO ] 2024-08-13 15:47:37.837 [main] MoonShot_Web - Image is present  SUPER SPLENDOR IMAGE
[INFO ] 2024-08-13 15:47:37.877 [main] MoonShot_Web - Image is present  GLAMOUR IMAGE
[INFO ] 2024-08-13 15:47:37.913 [main] MoonShot_Web - Image is present  PASSION PLUS IMAGE
[INFO ] 2024-08-13 15:47:37.963 [main] MoonShot_Web - Image is present  Glamour Xtec image Present
[INFO ] 2024-08-13 15:47:38.162 [main] MoonShot_Web - Mouse overed sucessfully on Glamour XTec Bike Image
[INFO ] 2024-08-13 15:47:39.552 [main] MoonShot_Web - Mouse overed sucessfully on Glamour XTec Bike Image
[INFO ] 2024-08-13 15:47:41.027 [main] MoonShot_Web - Successfully Click  check if clickable
[INFO ] 2024-08-13 15:47:41.050 [main] MoonShot_Web - Page is loaded Explore Hero's Range of Executive Bikes for Ultimate Comfort
[INFO ] 2024-08-13 15:47:41.490 [main] MoonShot_Web - Successfully Click  Glamour Xtec black image button
[INFO ] 2024-08-13 15:47:41.598 [main] MoonShot_Web - Image is present Glamour Xtec black image
[INFO ] 2024-08-13 15:47:41.922 [main] MoonShot_Web - Successfully Click  Glamour Xtec Grey image button
[INFO ] 2024-08-13 15:47:44.096 [main] MoonShot_Web - Image is present Glamour Xtec Grey image
[INFO ] 2024-08-13 15:47:44.673 [main] MoonShot_Web - Successfully Click  Glamour Xtec Red image button
[INFO ] 2024-08-13 15:47:46.839 [main] MoonShot_Web - Image is present Glamour Xtec Red image
[INFO ] 2024-08-13 15:47:47.368 [main] MoonShot_Web - Successfully Click  Glamour Xtec Blue button
[INFO ] 2024-08-13 15:47:47.435 [main] MoonShot_Web - Image is present Glamour Xtec Blue image
[INFO ] 2024-08-13 15:47:47.524 [main] MoonShot_Web - Text present:  check View Details tab text if present VIEW DETAILS
[INFO ] 2024-08-13 15:47:47.906 [main] MoonShot_Web - Successfully Click view details tab clickable
[INFO ] 2024-08-13 15:47:47.939 [main] MoonShot_Web - Window switched sucessfully Next window
[INFO ] 2024-08-13 15:47:50.423 [main] MoonShot_Web - Page is loaded Hero Glamour Xtec: Smart & Stylish | Price, Mileage & More
[INFO ] 2024-08-13 15:47:51.076 [main] MoonShot_Web - Page is loaded Hero Glamour Xtec: Smart & Stylish | Price, Mileage & More
[INFO ] 2024-08-13 15:47:52.256 [main] MoonShot_Web - Successfully Click CANCEL COOKIES
[INFO ] 2024-08-13 15:47:52.563 [main] MoonShot_Web - Text present: Buy Now button  >>  BUY NOW
[INFO ] 2024-08-13 15:47:54.080 [main] MoonShot_Web - Successfully Click   on Buy Now Button
[INFO ] 2024-08-13 15:47:54.624 [main] MoonShot_Web - Page is loaded Hero Glamour Xtec: Smart & Stylish | Price, Mileage & More
[INFO ] 2024-08-13 15:47:54.991 [main] MoonShot_Web - Successfully Click Cross button of login Popup
[INFO ] 2024-08-13 15:47:55.054 [main] MoonShot_Web - Window switched sucessfully Previous  window
[INFO ] 2024-08-13 15:47:55.449 [main] MoonShot_Web - Successfully Click  on cross button
[INFO ] 2024-08-13 15:47:55.865 [main] MoonShot_Web - Page is loaded Hero MotoCorp - India's Leading Two-Wheeler Manufacturer
[INFO ] 2024-08-13 15:47:56.180 [main] MoonShot_Web - Successfully Click  on Super Splendor Xtec text 
[INFO ] 2024-08-13 15:47:57.515 [main] MoonShot_Web - Page is loaded Hero Super Splendor Xtec: Know Price, Mileage, Specs & More
[INFO ] 2024-08-13 15:47:57.904 [main] MoonShot_Web - Successfully Click CANCEL COOKIES
[INFO ] 2024-08-13 15:48:08.170 [main] MoonShot_Web - Successfully Click  on Cross button of Request call backpopup
[INFO ] 2024-08-13 15:48:08.282 [main] MoonShot_Web - Text present:  bike tab GLAMOUR
[INFO ] 2024-08-13 15:48:10.316 [main] MoonShot_Web - Page is loaded Hero Super Splendor Xtec: Know Price, Mileage, Specs & More
[INFO ] 2024-08-13 15:48:10.453 [main] MoonShot_Web - Text present:  bike tab PASSION +
[INFO ] 2024-08-13 15:48:12.487 [main] MoonShot_Web - Page is loaded Hero Super Splendor Xtec: Know Price, Mileage, Specs & More
[INFO ] 2024-08-13 15:48:12.678 [main] MoonShot_Web - Text present:  bike tab SUPER SPLENDOR XTEC
[INFO ] 2024-08-13 15:48:14.703 [main] MoonShot_Web - Page is loaded Hero Super Splendor Xtec: Know Price, Mileage, Specs & More
[INFO ] 2024-08-13 15:48:14.916 [main] MoonShot_Web - Text present:  bike tab PASSION XTEC
[INFO ] 2024-08-13 15:48:16.939 [main] MoonShot_Web - Page is loaded Hero Super Splendor Xtec: Know Price, Mileage, Specs & More
[INFO ] 2024-08-13 15:48:17.052 [main] MoonShot_Web - Text present:  bike tab GLAMOUR XTEC
[INFO ] 2024-08-13 15:48:19.086 [main] MoonShot_Web - Page is loaded Hero Super Splendor Xtec: Know Price, Mileage, Specs & More
[INFO ] 2024-08-13 15:48:19.260 [main] MoonShot_Web - Text present:  bike tab SUPER SPLENDOR
[INFO ] 2024-08-13 15:48:21.284 [main] MoonShot_Web - Page is loaded Hero Super Splendor Xtec: Know Price, Mileage, Specs & More
[INFO ] 2024-08-13 15:48:23.465 [main] MoonShot_Web - Text present: Nav header tabs OVERVIEW
[INFO ] 2024-08-13 15:48:23.640 [main] MoonShot_Web - Successfully Click Nav-Bar Clickable 1
[INFO ] 2024-08-13 15:48:25.775 [main] MoonShot_Web - Text present: Nav header tabs FEATURES
[INFO ] 2024-08-13 15:48:25.936 [main] MoonShot_Web - Successfully Click Nav-Bar Clickable 2
[INFO ] 2024-08-13 15:48:28.089 [main] MoonShot_Web - Text present: Nav header tabs PRICE
[INFO ] 2024-08-13 15:48:28.196 [main] MoonShot_Web - Successfully Click Nav-Bar Clickable 3
[INFO ] 2024-08-13 15:48:30.311 [main] MoonShot_Web - Text present: Nav header tabs COMPARE
[INFO ] 2024-08-13 15:48:30.466 [main] MoonShot_Web - Successfully Click Nav-Bar Clickable 4
[INFO ] 2024-08-13 15:48:32.600 [main] MoonShot_Web - Text present: Nav header tabs SPECIFICATIONS
[INFO ] 2024-08-13 15:48:32.748 [main] MoonShot_Web - Successfully Click Nav-Bar Clickable 5
[INFO ] 2024-08-13 15:48:34.884 [main] MoonShot_Web - Text present: Nav header tabs FIND A DEALER
[INFO ] 2024-08-13 15:48:35.040 [main] MoonShot_Web - Successfully Click Nav-Bar Clickable 6
